To honour the JVM settings for this build a single-use Daemon process will be forked. For more on this, please refer to https://docs.gradle.org/8.14.2/userguide/gradle_daemon.html#sec:disabling_the_daemon in the Gradle documentation.
Daemon will be stopped at the end of the build 
> Task :checkKotlinGradlePluginConfigurationErrors
> Task :compileKotlin UP-TO-DATE
> Task :compileJava NO-SOURCE
> Task :processResources UP-TO-DATE
> Task :classes UP-TO-DATE
> Task :resolveMainClassName UP-TO-DATE

> Task :bootRun

  .   ____          _            __ _ _
 /\\ / ___'_ __ _ _(_)_ __  __ _ \ \ \ \
( ( )\___ | '_ | '_| | '_ \/ _` | \ \ \ \
 \\/  ___)| |_)| | | | | || (_| |  ) ) ) )
  '  |____| .__|_| |_|_| |_\__, | / / / /
 =========|_|==============|___/=/_/_/_/

[32m :: Spring Boot :: [39m              [2m (v3.5.3)[0;39m

[2m2025-07-07T22:09:27.901+08:00[0;39m [32m INFO[0;39m [35m83969[0;39m [2m--- [skills-studyflow-api] [           main] [0;39m[36md.e.s.SkillsStudyflowApiApplicationKt   [0;39m [2m:[0;39m Starting SkillsStudyflowApiApplicationKt using Java 17.0.15 with PID 83969 (/Users/elias/projects/skills-studyflow-api/build/classes/kotlin/main started by elias in /Users/elias/projects/skills-studyflow-api)
[2m2025-07-07T22:09:27.901+08:00[0;39m [32m INFO[0;39m [35m83969[0;39m [2m--- [skills-studyflow-api] [           main] [0;39m[36md.e.s.SkillsStudyflowApiApplicationKt   [0;39m [2m:[0;39m No active profile set, falling back to 1 default profile: "default"
[2m2025-07-07T22:09:28.178+08:00[0;39m [32m INFO[0;39m [35m83969[0;39m [2m--- [skills-studyflow-api] [           main] [0;39m[36mo.s.b.w.embedded.tomcat.TomcatWebServer [0;39m [2m:[0;39m Tomcat initialized with port 8080 (http)
[2m2025-07-07T22:09:28.182+08:00[0;39m [32m INFO[0;39m [35m83969[0;39m [2m--- [skills-studyflow-api] [           main] [0;39m[36mo.apache.catalina.core.StandardService  [0;39m [2m:[0;39m Starting service [Tomcat]
[2m2025-07-07T22:09:28.182+08:00[0;39m [32m INFO[0;39m [35m83969[0;39m [2m--- [skills-studyflow-api] [           main] [0;39m[36mo.apache.catalina.core.StandardEngine   [0;39m [2m:[0;39m Starting Servlet engine: [Apache Tomcat/10.1.42]
[2m2025-07-07T22:09:28.196+08:00[0;39m [32m INFO[0;39m [35m83969[0;39m [2m--- [skills-studyflow-api] [           main] [0;39m[36mo.a.c.c.C.[Tomcat].[localhost].[/]      [0;39m [2m:[0;39m Initializing Spring embedded WebApplicationContext
[2m2025-07-07T22:09:28.196+08:00[0;39m [32m INFO[0;39m [35m83969[0;39m [2m--- [skills-studyflow-api] [           main] [0;39m[36mw.s.c.ServletWebServerApplicationContext[0;39m [2m:[0;39m Root WebApplicationContext: initialization completed in 281 ms
[2m2025-07-07T22:09:28.255+08:00[0;39m [32m INFO[0;39m [35m83969[0;39m [2m--- [skills-studyflow-api] [           main] [0;39m[36mo.s.v.b.OptionalValidatorFactoryBean    [0;39m [2m:[0;39m Failed to set up a Bean Validation provider: jakarta.validation.NoProviderFoundException: Unable to create a Configuration, because no Jakarta Bean Validation provider could be found. Add a provider like Hibernate Validator (RI) to your classpath.
[2m2025-07-07T22:09:28.349+08:00[0;39m [32m INFO[0;39m [35m83969[0;39m [2m--- [skills-studyflow-api] [           main] [0;39m[36mo.s.b.w.embedded.tomcat.TomcatWebServer [0;39m [2m:[0;39m Tomcat started on port 8080 (http) with context path '/'
[2m2025-07-07T22:09:28.353+08:00[0;39m [32m INFO[0;39m [35m83969[0;39m [2m--- [skills-studyflow-api] [           main] [0;39m[36md.e.s.SkillsStudyflowApiApplicationKt   [0;39m [2m:[0;39m Started SkillsStudyflowApiApplicationKt in 0.565 seconds (process running for 0.645)
[2m2025-07-07T22:09:40.710+08:00[0;39m [32m INFO[0;39m [35m83969[0;39m [2m--- [skills-studyflow-api] [nio-8080-exec-1] [0;39m[36mo.a.c.c.C.[Tomcat].[localhost].[/]      [0;39m [2m:[0;39m Initializing Spring DispatcherServlet 'dispatcherServlet'
[2m2025-07-07T22:09:40.710+08:00[0;39m [32m INFO[0;39m [35m83969[0;39m [2m--- [skills-studyflow-api] [nio-8080-exec-1] [0;39m[36mo.s.web.servlet.DispatcherServlet       [0;39m [2m:[0;39m Initializing Servlet 'dispatcherServlet'
[2m2025-07-07T22:09:40.711+08:00[0;39m [32m INFO[0;39m [35m83969[0;39m [2m--- [skills-studyflow-api] [nio-8080-exec-1] [0;39m[36mo.s.web.servlet.DispatcherServlet       [0;39m [2m:[0;39m Completed initialization in 0 ms
[2m2025-07-07T22:09:43.067+08:00[0;39m [32m INFO[0;39m [35m83969[0;39m [2m--- [skills-studyflow-api] [nio-8080-exec-9] [0;39m[36mo.springdoc.api.AbstractOpenApiResource [0;39m [2m:[0;39m Init duration for springdoc-openapi is: 173 ms
[2m2025-07-07T22:09:47.367+08:00[0;39m [32m INFO[0;39m [35m83969[0;39m [2m--- [skills-studyflow-api] [nio-8080-exec-6] [0;39m[36md.e.s.RecordsController                 [0;39m [2m:[0;39m Getting all records. Count: 0
[2m2025-07-07T22:09:47.563+08:00[0;39m [32m INFO[0;39m [35m83969[0;39m [2m--- [skills-studyflow-api] [io-8080-exec-10] [0;39m[36md.e.s.RecordsController                 [0;39m [2m:[0;39m Creating new record with ID: mismatch-test
[2m2025-07-07T22:09:47.563+08:00[0;39m [33m WARN[0;39m [35m83969[0;39m [2m--- [skills-studyflow-api] [io-8080-exec-10] [0;39m[36md.e.s.RecordsController                 [0;39m [2m:[0;39m Validation failed: Record ID 'mismatch-test' does not match file name 'different-name.mp4'
[2m2025-07-07T22:09:55.277+08:00[0;39m [32m INFO[0;39m [35m83969[0;39m [2m--- [skills-studyflow-api] [nio-8080-exec-1] [0;39m[36md.e.s.RecordsController                 [0;39m [2m:[0;39m Creating new record with ID: nonexistent-file.mp4
[2m2025-07-07T22:09:55.277+08:00[0;39m [33m WARN[0;39m [35m83969[0;39m [2m--- [skills-studyflow-api] [nio-8080-exec-1] [0;39m[36md.e.s.RecordsController                 [0;39m [2m:[0;39m Validation failed: File 'nonexistent-file.mp4' not found in uploads directory
[2m2025-07-07T22:10:02.378+08:00[0;39m [32m INFO[0;39m [35m83969[0;39m [2m--- [skills-studyflow-api] [nio-8080-exec-2] [0;39m[36md.e.s.RecordsController                 [0;39m [2m:[0;39m Creating new record with ID: test-new-endpoint.txt
[2m2025-07-07T22:10:02.378+08:00[0;39m [32m INFO[0;39m [35m83969[0;39m [2m--- [skills-studyflow-api] [nio-8080-exec-2] [0;39m[36md.e.s.RecordsController                 [0;39m [2m:[0;39m Record created successfully: test-new-endpoint.txt
[2m2025-07-07T22:10:09.574+08:00[0;39m [32m INFO[0;39m [35m83969[0;39m [2m--- [skills-studyflow-api] [nio-8080-exec-6] [0;39m[36md.e.s.RecordsController                 [0;39m [2m:[0;39m Creating new record with ID: test-new-endpoint.txt
[2m2025-07-07T22:10:09.574+08:00[0;39m [33m WARN[0;39m [35m83969[0;39m [2m--- [skills-studyflow-api] [nio-8080-exec-6] [0;39m[36md.e.s.RecordsController                 [0;39m [2m:[0;39m Validation failed: Record with ID 'test-new-endpoint.txt' already exists
[2m2025-07-07T22:10:16.022+08:00[0;39m [32m INFO[0;39m [35m83969[0;39m [2m--- [skills-studyflow-api] [nio-8080-exec-8] [0;39m[36md.e.s.RecordsController                 [0;39m [2m:[0;39m Getting all records. Count: 1
[2m2025-07-07T22:10:25.055+08:00[0;39m [32m INFO[0;39m [35m83969[0;39m [2m--- [skills-studyflow-api] [nio-8080-exec-3] [0;39m[36md.e.s.RecordsController                 [0;39m [2m:[0;39m Creating new record with ID: The Kid LAROI, Justin Bieber - STAY (Official Video).mp4
[2m2025-07-07T22:10:25.056+08:00[0;39m [32m INFO[0;39m [35m83969[0;39m [2m--- [skills-studyflow-api] [nio-8080-exec-3] [0;39m[36md.e.s.RecordsController                 [0;39m [2m:[0;39m Record created successfully: The Kid LAROI, Justin Bieber - STAY (Official Video).mp4

> Task :bootRun FAILED

[Incubating] Problems report is available at: file:///Users/elias/projects/skills-studyflow-api/build/reports/problems/problems-report.html

FAILURE: Build failed with an exception.

* What went wrong:
Execution failed for task ':bootRun'.
> Process 'command '/Users/elias/Library/Java/JavaVirtualMachines/ms-17.0.15/Contents/Home/bin/java'' finished with non-zero exit value 137

* Try:
> Run with --stacktrace option to get the stack trace.
> Run with --info or --debug option to get more log output.
> Run with --scan to get full insights.
> Get more help at https://help.gradle.org.

Deprecated Gradle features were used in this build, making it incompatible with Gradle 9.0.

You can use '--warning-mode all' to show the individual deprecation warnings and determine if they come from your own scripts or plugins.

For more on this, please refer to https://docs.gradle.org/8.14.2/userguide/command_line_interface.html#sec:command_line_warnings in the Gradle documentation.

BUILD FAILED in 4m 48s
5 actionable tasks: 2 executed, 3 up-to-date
