> Task :checkKotlinGradlePluginConfigurationErrors
> Task :compileKotlin UP-TO-DATE
> Task :compileJava NO-SOURCE
> Task :processResources UP-TO-DATE
> Task :classes UP-TO-DATE
> Task :resolveMainClassName UP-TO-DATE

> Task :bootRun

  .   ____          _            __ _ _
 /\\ / ___'_ __ _ _(_)_ __  __ _ \ \ \ \
( ( )\___ | '_ | '_| | '_ \/ _` | \ \ \ \
 \\/  ___)| |_)| | | | | || (_| |  ) ) ) )
  '  |____| .__|_| |_|_| |_\__, | / / / /
 =========|_|==============|___/=/_/_/_/

[32m :: Spring Boot :: [39m              [2m (v3.5.3)[0;39m

[2m2025-07-08T21:16:03.166+08:00[0;39m [32m INFO[0;39m [35m39409[0;39m [2m--- [skills-studyflow-api] [           main] [0;39m[36md.e.s.SkillsStudyflowApiApplicationKt   [0;39m [2m:[0;39m Starting SkillsStudyflowApiApplicationKt using Java 17.0.15 with PID 39409 (/Users/elias/projects/skills-studyflow-api/build/classes/kotlin/main started by elias in /Users/elias/projects/skills-studyflow-api)
[2m2025-07-08T21:16:03.167+08:00[0;39m [32m INFO[0;39m [35m39409[0;39m [2m--- [skills-studyflow-api] [           main] [0;39m[36md.e.s.SkillsStudyflowApiApplicationKt   [0;39m [2m:[0;39m No active profile set, falling back to 1 default profile: "default"
[2m2025-07-08T21:16:03.653+08:00[0;39m [32m INFO[0;39m [35m39409[0;39m [2m--- [skills-studyflow-api] [           main] [0;39m[36mo.s.b.w.embedded.tomcat.TomcatWebServer [0;39m [2m:[0;39m Tomcat initialized with port 8080 (http)
[2m2025-07-08T21:16:03.662+08:00[0;39m [32m INFO[0;39m [35m39409[0;39m [2m--- [skills-studyflow-api] [           main] [0;39m[36mo.apache.catalina.core.StandardService  [0;39m [2m:[0;39m Starting service [Tomcat]
[2m2025-07-08T21:16:03.662+08:00[0;39m [32m INFO[0;39m [35m39409[0;39m [2m--- [skills-studyflow-api] [           main] [0;39m[36mo.apache.catalina.core.StandardEngine   [0;39m [2m:[0;39m Starting Servlet engine: [Apache Tomcat/10.1.42]
[2m2025-07-08T21:16:03.690+08:00[0;39m [32m INFO[0;39m [35m39409[0;39m [2m--- [skills-studyflow-api] [           main] [0;39m[36mo.a.c.c.C.[Tomcat].[localhost].[/]      [0;39m [2m:[0;39m Initializing Spring embedded WebApplicationContext
[2m2025-07-08T21:16:03.690+08:00[0;39m [32m INFO[0;39m [35m39409[0;39m [2m--- [skills-studyflow-api] [           main] [0;39m[36mw.s.c.ServletWebServerApplicationContext[0;39m [2m:[0;39m Root WebApplicationContext: initialization completed in 509 ms
[2m2025-07-08T21:16:03.898+08:00[0;39m [32m INFO[0;39m [35m39409[0;39m [2m--- [skills-studyflow-api] [           main] [0;39m[36mo.s.b.w.embedded.tomcat.TomcatWebServer [0;39m [2m:[0;39m Tomcat started on port 8080 (http) with context path '/'
[2m2025-07-08T21:16:03.902+08:00[0;39m [32m INFO[0;39m [35m39409[0;39m [2m--- [skills-studyflow-api] [           main] [0;39m[36md.e.s.SkillsStudyflowApiApplicationKt   [0;39m [2m:[0;39m Started SkillsStudyflowApiApplicationKt in 0.85 seconds (process running for 0.93)
[2m2025-07-08T21:16:03.903+08:00[0;39m [32m INFO[0;39m [35m39409[0;39m [2m--- [skills-studyflow-api] [           main] [0;39m[36md.e.s.SkillsStudyflowApiApplication     [0;39m [2m:[0;39m Starting cleanup of uploaded files...
[2m2025-07-08T21:16:03.903+08:00[0;39m [32m INFO[0;39m [35m39409[0;39m [2m--- [skills-studyflow-api] [           main] [0;39m[36md.e.s.SkillsStudyflowApiApplication     [0;39m [2m:[0;39m Cleaned up 0 record files
[2m2025-07-08T21:16:03.903+08:00[0;39m [32m INFO[0;39m [35m39409[0;39m [2m--- [skills-studyflow-api] [           main] [0;39m[36md.e.s.SkillsStudyflowApiApplication     [0;39m [2m:[0;39m File cleanup completed
[2m2025-07-08T21:16:25.779+08:00[0;39m [32m INFO[0;39m [35m39409[0;39m [2m--- [skills-studyflow-api] [nio-8080-exec-1] [0;39m[36mo.a.c.c.C.[Tomcat].[localhost].[/]      [0;39m [2m:[0;39m Initializing Spring DispatcherServlet 'dispatcherServlet'
[2m2025-07-08T21:16:25.780+08:00[0;39m [32m INFO[0;39m [35m39409[0;39m [2m--- [skills-studyflow-api] [nio-8080-exec-1] [0;39m[36mo.s.web.servlet.DispatcherServlet       [0;39m [2m:[0;39m Initializing Servlet 'dispatcherServlet'
[2m2025-07-08T21:16:25.782+08:00[0;39m [32m INFO[0;39m [35m39409[0;39m [2m--- [skills-studyflow-api] [nio-8080-exec-1] [0;39m[36mo.s.web.servlet.DispatcherServlet       [0;39m [2m:[0;39m Completed initialization in 2 ms
